Determining if the pthread_create exist failed with the following output:
Change Dir: /home/wiktor/atest_ur/build/CMakeFiles/CMakeTmp

Run Build Command:"/usr/bin/make" "cmTC_a2233/fast"
/usr/bin/make -f CMakeFiles/cmTC_a2233.dir/build.make CMakeFiles/cmTC_a2233.dir/build
make[1]: Entering directory '/home/wiktor/atest_ur/build/CMakeFiles/CMakeTmp'
Building C object CMakeFiles/cmTC_a2233.dir/CheckSymbolExists.c.o
/usr/bin/cc    -o CMakeFiles/cmTC_a2233.dir/CheckSymbolExists.c.o   -c /home/wiktor/atest_ur/build/CMakeFiles/CMakeTmp/CheckSymbolExists.c
Linking C executable cmTC_a2233
/usr/bin/cmake -E cmake_link_script CMakeFiles/cmTC_a2233.dir/link.txt --verbose=1
/usr/bin/cc      -rdynamic CMakeFiles/cmTC_a2233.dir/CheckSymbolExists.c.o  -o cmTC_a2233 
CMakeFiles/cmTC_a2233.dir/CheckSymbolExists.c.o: In function `main':
CheckSymbolExists.c:(.text+0x1b): undefined reference to `pthread_create'
collect2: error: ld returned 1 exit status
CMakeFiles/cmTC_a2233.dir/build.make:97: recipe for target 'cmTC_a2233' failed
make[1]: *** [cmTC_a2233] Error 1
make[1]: Leaving directory '/home/wiktor/atest_ur/build/CMakeFiles/CMakeTmp'
Makefile:126: recipe for target 'cmTC_a2233/fast' failed
make: *** [cmTC_a2233/fast] Error 2

File /home/wiktor/atest_ur/build/CMakeFiles/CMakeTmp/CheckSymbolExists.c:
/* */
#include <pthread.h>

int main(int argc, char** argv)
{
  (void)argv;
#ifndef pthread_create
  return ((int*)(&pthread_create))[argc];
#else
  (void)argc;
  return 0;
#endif
}

Determining if the function pthread_create exists in the pthreads failed with the following output:
Change Dir: /home/wiktor/atest_ur/build/CMakeFiles/CMakeTmp

Run Build Command:"/usr/bin/make" "cmTC_9b299/fast"
/usr/bin/make -f CMakeFiles/cmTC_9b299.dir/build.make CMakeFiles/cmTC_9b299.dir/build
make[1]: Entering directory '/home/wiktor/atest_ur/build/CMakeFiles/CMakeTmp'
Building C object CMakeFiles/cmTC_9b299.dir/CheckFunctionExists.c.o
/usr/bin/cc   -DCHECK_FUNCTION_EXISTS=pthread_create   -o CMakeFiles/cmTC_9b299.dir/CheckFunctionExists.c.o   -c /usr/share/cmake-3.10/Modules/CheckFunctionExists.c
Linking C executable cmTC_9b299
/usr/bin/cmake -E cmake_link_script CMakeFiles/cmTC_9b299.dir/link.txt --verbose=1
/usr/bin/cc  -DCHECK_FUNCTION_EXISTS=pthread_create    -rdynamic CMakeFiles/cmTC_9b299.dir/CheckFunctionExists.c.o  -o cmTC_9b299 -lpthreads 
/usr/bin/ld: cannot find -lpthreads
collect2: error: ld returned 1 exit status
CMakeFiles/cmTC_9b299.dir/build.make:97: recipe for target 'cmTC_9b299' failed
make[1]: *** [cmTC_9b299] Error 1
make[1]: Leaving directory '/home/wiktor/atest_ur/build/CMakeFiles/CMakeTmp'
Makefile:126: recipe for target 'cmTC_9b299/fast' failed
make: *** [cmTC_9b299/fast] Error 2


